<?xml version="1.0" encoding="UTF-8"?>
<!-- Generated by org.testng.reporters.JUnitXMLReporter -->
<testsuite ignored="0" hostname="DESKTOP-FLJGGNP" failures="0" tests="7" name="Default test" time="292.124" errors="0" timestamp="2024-04-14T00:34:14 IDT">
  <testcase classname="Tests.BaseClass" name="simpleTest" time="0.004"/>
  <testcase classname="Tests.IsstaFlightScenario1" name="validateFlightSearchElements" time="25.53"/>
  <testcase classname="Tests.IsstaFlightScenario1" name="SearchFlightTest1" time="79.053"/>
  <testcase classname="Tests.IsstaFlightScenario1" name="ValidateTheFirstFlight" time="25.062"/>
  <testcase classname="Tests.IsstaFlightScenario1" name="SelectTheFirstFlight" time="50.144"/>
  <testcase classname="Tests.IsstaFlightScenario1" name="ValidateCheckoutButton" time="46.583"/>
  <testcase classname="Tests.IsstaFlightScenario1" name="clickCheckout" time="60.384"/>
</testsuite> <!-- Default test -->
